This is pdfTeX, Version 3.141592653-2.6-1.40.26 (TeX Live 2024) (preloaded format=latex 2024.6.24)  25 JUN 2024 19:49
entering extended mode
 restricted \write18 enabled.
 %&-line parsing enabled.
**e
(/usr/local/texlive/2024/texmf-dist/tex/latex/tools/e.tex
LaTeX2e <2024-06-01> patch level 1
L3 programming layer <2024-05-27>

! .
l.38   \batchmode \errmessage{}
                               \csname @@end\endcsname \end
This error message was generated by an \errmessage
command, so I can't give any explicit help.
Pretend that you're Hercule Poirot: Examine all clues,
and deduce the truth by order and method.

 ) 
Here is how much of TeX's memory you used:
 15 strings out of 473601
 471 string characters out of 5728734
 1925902 words of memory out of 5000000
 22990 multiletter control sequences out of 15000+600000
 558069 words of font info for 36 fonts, out of 8000000 for 9000
 1141 hyphenation exceptions out of 8191
 12i,0n,13p,81b,8s stack positions out of 10000i,1000n,20000p,200000b,200000s

No pages of output.
